     C:\Users\82109\Documents\GitHub\cpp\UnitTest2_div\x64\Debug\UnitTest1.lib 라이브러리 및 C:\Users\82109\Documents\GitHub\cpp\UnitTest2_div\x64\Debug\UnitTest1.exp 개체를 생성하고 있습니다.
UnitTest1.obj : error LNK2019: "public: int __cdecl Calculator::add(int,int)" (?add@Calculator@@QEAAHHH@Z)"public: void __cdecl UnitTest1::UnitTest1::TestMethod1(void)" (?TestMethod1@UnitTest1@1@QEAAXXZ) 함수에서 참조되는 확인할 수 없는 외부 기호
C:\Users\82109\Documents\GitHub\cpp\UnitTest2_div\x64\Debug\UnitTest1.dll : fatal error LNK1120: 1개의 확인할 수 없는 외부 참조입니다.
